2025-11-28T09:07:43.689025+00:00Z	D:\ZW\XML-automation-clean\build\excel_generated\generated_bulk_20251128_090743.xml	SUCCESS	10
2025-11-28T09:07:43.690801+00:00Z	SANITIZED_FORMULAS	20
2025-11-28T10:18:04.903377	D:\ZW\XML-automation-clean\uzs_filedrop\UZI-GAP3\UZSx_ACC1\v0428\generated_bulk_20251128_091804.xml	SUCCESS	10
2025-11-28T10:24:18.041728	D:\ZW\XML-automation-clean\uzs_filedrop\UZI-GAP3\UZSx_ACC1\v0428\generated_bulk_20251128_092417.xml	SUCCESS	10
2025-11-28T10:24:31.509070	D:\ZW\XML-automation-clean\uzs_filedrop\UZI-GAP3\UZSx_ACC1\v0428\generated_bulk_20251128_092431.xml	SUCCESS	10
2025-11-28T10:24:51.612889	D:\ZW\XML-automation-clean\uzs_filedrop\UZI-GAP3\UZSx_ACC1\v0428\generated_bulk_20251128_092451.xml	SUCCESS	10
2025-11-28T10:26:53.174746	D:\ZW\XML-automation-clean\uzs_filedrop\UZI-GAP3\UZSx_ACC1\v0428\generated_bulk_20251128_092653.xml	SUCCESS	10
2025-11-28T10:27:08.780850	D:\ZW\XML-automation-clean\uzs_filedrop\UZI-GAP3\UZSx_ACC1\v0428\generated_bulk_20251128_092708.xml	SUCCESS	10
2025-11-28T10:38:27.990402	D:\ZW\XML-automation-clean\uzs_filedrop\UZI-GAP3\UZSx_ACC1\v0428\generated_bulk_20251128_093827.xml	SUCCESS	0
2025-11-28T10:43:12.404810	D:\ZW\XML-automation-clean\uzs_filedrop\UZI-GAP3\UZSx_ACC1\v0428\generated_bulk_20251128_094312.xml	SUCCESS	0
2025-11-28T10:47:30.021566	D:\ZW\XML-automation-clean\uzs_filedrop\UZI-GAP3\UZSx_ACC1\v0428\generated_bulk_20251128_094730.xml	SUCCESS	0
2025-11-28T10:47:53.406740	D:\ZW\XML-automation-clean\uzs_filedrop\UZI-GAP3\UZSx_ACC1\v0428\generated_bulk_20251128_094753.xml	SUCCESS	0
2025-11-28T10:53:33.174497	D:\ZW\XML-automation-clean\uzs_filedrop\UZI-GAP3\UZSx_ACC1\v0428\generated_bulk_20251128_095333.xml	SUCCESS	0
2025-11-28T10:53:51.553064	D:\ZW\XML-automation-clean\uzs_filedrop\UZI-GAP3\UZSx_ACC1\v0428\generated_bulk_20251128_095351.xml	SUCCESS	0
2025-11-28T11:20:47.597974	D:\ZW\XML-automation-clean\uzs_filedrop\UZI-GAP3\UZSx_ACC1\v0428\generated_bulk_20251128_102047.xml	SUCCESS	0
2025-11-28T11:26:23.963747	D:\ZW\XML-automation-clean\uzs_filedrop\UZI-GAP3\UZSx_ACC1\v0428\generated_bulk_20251128_102623.xml	SUCCESS	0
2025-11-28T11:29:20.670172	D:\ZW\XML-automation-clean\uzs_filedrop\UZI-GAP3\UZSx_ACC1\v0428\generated_bulk_20251128_102920.xml	SUCCESS	0
2025-11-28T11:30:05.648861	D:\ZW\XML-automation-clean\uzs_filedrop\UZI-GAP3\UZSx_ACC1\v0428\generated_bulk_20251128_103005.xml	SUCCESS	0
2025-11-28T11:31:32.715310	D:\ZW\XML-automation-clean\uzs_filedrop\UZI-GAP3\UZSx_ACC1\v0428\generated_bulk_20251128_103132.xml	SUCCESS	2
2025-11-28T11:35:55.216266	D:\ZW\XML-automation-clean\uzs_filedrop\UZI-GAP3\UZSx_ACC1\v0428\generated_bulk_20251128_103555.xml	SUCCESS	2
2025-11-28T11:36:40.389082	D:\ZW\XML-automation-clean\uzs_filedrop\UZI-GAP3\UZSx_ACC1\v0428\generated_bulk_20251128_103640.xml	SUCCESS	2
2025-11-28T11:37:26.614648	D:\ZW\XML-automation-clean\uzs_filedrop\UZI-GAP3\UZSx_ACC1\v0428\generated_bulk_20251128_103726.xml	SUCCESS	2
2025-11-28T11:37:44.638273	D:\ZW\XML-automation-clean\uzs_filedrop\UZI-GAP3\UZSx_ACC1\v0428\generated_bulk_20251128_103744.xml	SUCCESS	2
2025-11-28T11:39:45.499660	D:\ZW\XML-automation-clean\uzs_filedrop\UZI-GAP3\UZSx_ACC1\v0428\generated_bulk_20251128_103945.xml	SUCCESS	2
2025-11-28T11:40:27.944694	D:\ZW\XML-automation-clean\uzs_filedrop\UZI-GAP3\UZSx_ACC1\UwvZwMelding_MQ_V0428\generated_bulk_20251128_104027.xml	SUCCESS	2
2025-11-28T12:43:17.715380	D:\ZW\XML-automation-clean\uzs_filedrop\UZI-GAP3\UZSx_ACC1\v0428\generated_bulk_20251128_114317.xml	SUCCESS	2
2025-11-28T12:44:45.679605	D:\ZW\XML-automation-clean\uzs_filedrop\UZI-GAP3\UZSx_ACC1\v0428\generated_bulk_20251128_114445.xml	SUCCESS	2
2025-11-28T12:52:28.800033	D:\ZW\XML-automation-clean\uzs_filedrop\UZI-GAP3\UZSx_ACC1\v0428\generated_bulk_20251128_115228.xml	SUCCESS	2
2025-11-28T12:56:05.301415	D:\ZW\XML-automation-clean\uzs_filedrop\UZI-GAP3\UZSx_ACC1\v0428\generated_bulk_20251128_115605.xml	SUCCESS	2
2025-11-28T12:56:30.973780	D:\ZW\XML-automation-clean\uzs_filedrop\UZI-GAP3\UZSx_ACC1\v0428\generated_bulk_20251128_115630.xml	SUCCESS	2
2025-11-28T13:02:23.607543	D:\ZW\XML-automation-clean\uzs_filedrop\UZI-GAP3\UZSx_ACC1\v0428\generated_bulk_20251128_120223.xml	SUCCESS	0
2025-11-28T13:05:43.225721	D:\ZW\XML-automation-clean\uzs_filedrop\UZI-GAP3\UZSx_ACC1\v0428\generated_bulk_20251128_120543.xml	SUCCESS	0
2025-11-28T13:06:38.966312	D:\ZW\XML-automation-clean\uzs_filedrop\UZI-GAP3\UZSx_ACC1\v0428\generated_bulk_20251128_120638.xml	SUCCESS	2
2025-11-28T13:14:02.837705	D:\ZW\XML-automation-clean\uzs_filedrop\UZI-GAP3\UZSx_ACC1\v0428\generated_bulk_20251128_121402.xml	SUCCESS	2
2025-11-28T13:14:19.456105	D:\ZW\XML-automation-clean\uzs_filedrop\UZI-GAP3\UZSx_ACC1\UwvZwMelding_MQ_V0428\generated_bulk_20251128_121419.xml	SUCCESS	0
2025-11-28T13:24:46.542262	D:\ZW\XML-automation-clean\build\excel_generated\generated_bulk_20251128_122446.xml	SUCCESS	2
2025-11-28T13:24:58.954776	D:\ZW\XML-automation-clean\uzs_filedrop\UZI-GAP3\UZSx_ACC1\v0428\generated_bulk_20251128_122458.xml	SUCCESS	2
2025-11-28T13:37:00.787338	D:\ZW\XML-automation-clean\build\excel_generated\generated_bulk_20251128_123700.xml	SUCCESS	2
2025-11-28T13:43:49.726484	D:\ZW\XML-automation-clean\build\excel_generated\generated_bulk_20251128_124349.xml	SUCCESS	2
2025-11-28T13:49:49.089056	D:\ZW\XML-automation-clean\uzs_filedrop\UZI-GAP3\UZSx_ACC1\v0428\generated_bulk_20251128_124949.xml	SUCCESS	2
2025-11-28T13:54:15.679638	D:\ZW\XML-automation-clean\uzs_filedrop\UZI-GAP3\UZSx_ACC1\v0428\generated_bulk_20251128_125415.xml	SUCCESS	2
2025-11-28T13:57:01.426483	D:\ZW\XML-automation-clean\uzs_filedrop\UZI-GAP3\UZSx_ACC1\v0428\generated_bulk_20251128_125701.xml	SUCCESS	2
2025-11-28T14:09:00.021510	D:\ZW\XML-automation-clean\uzs_filedrop\UZI-GAP3\UZSx_ACC1\v0428\generated_bulk_20251128_130900.xml	SUCCESS	2
2025-11-28T14:12:43.223114	D:\ZW\XML-automation-clean\uzs_filedrop\UZI-GAP3\UZSx_ACC1\v0428\generated_bulk_20251128_131243.xml	SUCCESS	2
2025-11-28T14:12:54.389377	D:\ZW\XML-automation-clean\uzs_filedrop\UZI-GAP3\UZSx_ACC1\v0428\generated_bulk_20251128_131254.xml	SUCCESS	2
2025-11-28T14:27:07.128688	D:\ZW\XML-automation-clean\uzs_filedrop\UZI-GAP3\UZSx_ACC1\v0428\generated_bulk_20251128_132707.xml	SUCCESS	2
2025-11-28T14:27:58.600899	D:\ZW\XML-automation-clean\uzs_filedrop\UZI-GAP3\UZSx_ACC1\v0428\generated_bulk_20251128_132758.xml	SUCCESS	2
2025-11-28T14:39:32.248487	D:\ZW\XML-automation-clean\uzs_filedrop\UZI-GAP3\UZSx_ACC1\v0428\generated_bulk_20251128_133932.xml	SUCCESS	2
2025-11-28T14:47:15.946303	D:\ZW\XML-automation-clean\uzs_filedrop\UZI-GAP3\UZSx_ACC1\v0428\generated_bulk_20251128_134715.xml	SUCCESS	2
2025-11-28T14:49:22.142463	D:\ZW\XML-automation-clean\uzs_filedrop\UZI-GAP3\UZSx_ACC1\v0428\generated_bulk_20251128_134922.xml	SUCCESS	2
2025-11-28T14:51:03.770389	D:\ZW\XML-automation-clean\uzs_filedrop\UZI-GAP3\UZSx_ACC1\UwvZwMelding_MQ_V0428\generated_bulk_20251128_135103.xml	SUCCESS	2
2025-11-28T14:54:27.849564	D:\ZW\XML-automation-clean\uzs_filedrop\UZI-GAP3\UZSx_ACC1\UwvZwMelding_MQ_V0428\generated_bulk_20251128_135427.xml	SUCCESS	0
2025-11-28T14:55:33.365579	D:\ZW\XML-automation-clean\uzs_filedrop\UZI-GAP3\UZSx_ACC1\UwvZwMelding_MQ_V0428\generated_bulk_20251128_135533.xml	SUCCESS	2
2025-11-29T10:00:15.204099	D:\ZW\XML-automation-clean\uzs_filedrop\UZI-GAP3\UZSx_ACC1\v0428\generated_bulk_20251129_090015.xml	SUCCESS	2
